d:\santolaria\troveremake\x64\debug\vc140.pdb
d:\santolaria\troveremake\x64\debug\vc140.idb
d:\santolaria\troveremake\x64\debug\camera.obj
d:\santolaria\troveremake\x64\debug\cube.obj
d:\santolaria\troveremake\x64\debug\input.obj
d:\santolaria\troveremake\x64\debug\main.obj
d:\santolaria\troveremake\x64\debug\model.obj
d:\santolaria\troveremake\x64\debug\sceneopengl.obj
d:\santolaria\troveremake\x64\debug\shader.obj
d:\santolaria\troveremake\x64\debug\texture.obj
d:\santolaria\troveremake\x64\debug\chunk.obj
d:\santolaria\troveremake\x64\debug\cubetype.obj
d:\santolaria\troveremake\x64\debug\troveremake.ilk
d:\santolaria\troveremake\x64\debug\troveremake.exe
d:\santolaria\troveremake\x64\debug\troveremake.pdb
d:\santolaria\troveremake\x64\debug\troveremake.tlog\cl.command.1.tlog
d:\santolaria\troveremake\x64\debug\troveremake.tlog\cl.read.1.tlog
d:\santolaria\troveremake\x64\debug\troveremake.tlog\cl.write.1.tlog
d:\santolaria\troveremake\x64\debug\troveremake.tlog\link.command.1.tlog
d:\santolaria\troveremake\x64\debug\troveremake.tlog\link.read.1.tlog
d:\santolaria\troveremake\x64\debug\troveremake.tlog\link.write.1.tlog
